<?xml version="1.0" encoding="UTF-8"?>
<!-- Generated by org.testng.reporters.JUnitXMLReporter -->
<testsuite hostname="WTC-5159473-l2" ignored="5" name="MFAC_Test" tests="24" failures="0" timestamp="15 Oct 2018 20:51:49 GMT" time="16.514" errors="0">
  <testcase name="IssuePin" time="0.692" classname="TestNG.MFAC"/>
  <testcase name="IssuePin" time="0.88" classname="TestNG.MFAC"/>
  <testcase name="IssuePin" time="2.44" classname="TestNG.MFAC"/>
  <testcase name="IssuePin" time="4.225" classname="TestNG.MFAC"/>
  <testcase name="VerifyPinValid" time="4.649" classname="TestNG.MFAC"/>
  <testcase name="VerifyPinValid" time="5.4" classname="TestNG.MFAC"/>
  <testcase name="VerifyPinValid" time="5.996" classname="TestNG.MFAC"/>
  <testcase name="VerifyPinValid" time="6.876" classname="TestNG.MFAC"/>
  <testcase name="IssuePinVelocity" time="7.803" classname="TestNG.MFAC"/>
  <testcase name="VerifyPinNoLongerValid" time="9.533" classname="TestNG.MFAC"/>
  <testcase name="VerifyPinNoLongerValid" time="9.824" classname="TestNG.MFAC"/>
  <testcase name="VerifyPinNoLongerValid" time="10.008" classname="TestNG.MFAC"/>
  <testcase name="IssuePinVelocity" time="10.138" classname="TestNG.MFAC"/>
  <testcase name="IssuePinVelocity" time="10.218" classname="TestNG.MFAC"/>
  <testcase name="IssuePinVelocity" time="10.671" classname="TestNG.MFAC"/>
  <testcase name="VerifyPinNoLongerValid" time="11.23" classname="TestNG.MFAC"/>
  <testcase name="VerifyPinVelocity" time="11.69" classname="TestNG.MFAC"/>
  <testcase name="VerifyPinVelocity" time="11.806" classname="TestNG.MFAC"/>
  <testcase name="VerifyPinVelocity" time="12.823" classname="TestNG.MFAC"/>
  <testcase name="VerifyPinVelocity" time="12.957" classname="TestNG.MFAC"/>
  <testcase name="AddressVelocity" time="14.795" classname="TestNG.MFAC"/>
  <testcase name="AddressVelocity" time="14.962" classname="TestNG.MFAC"/>
  <testcase name="AddressVelocity" time="15.139" classname="TestNG.MFAC"/>
  <testcase name="AddressVelocity" time="15.355" classname="TestNG.MFAC"/>
  <testcase name="IssuePinExpiration" time="0.0" classname="TestNG.MFAC">
    <ignored/>
  </testcase> <!-- IssuePinExpiration -->
  <testcase name="AdditionalEnrollmentExpiration" time="0.0" classname="TestNG.MFAC">
    <ignored/>
  </testcase> <!-- AdditionalEnrollmentExpiration -->
  <testcase name="DetermineLockoutTime" time="0.0" classname="TestNG.MFAC">
    <ignored/>
  </testcase> <!-- DetermineLockoutTime -->
  <testcase name="AdditionalEnrollmentExpirationValidate" time="0.0" classname="TestNG.MFAC">
    <ignored/>
  </testcase> <!-- AdditionalEnrollmentExpirationValidate -->
  <testcase name="IssuePinExpirationValidate" time="0.0" classname="TestNG.MFAC">
    <ignored/>
  </testcase> <!-- IssuePinExpirationValidate -->
</testsuite> <!-- MFAC_Test -->
