<?xml version="1.0" encoding="UTF-8"?>
<!-- Generated by org.testng.reporters.JUnitXMLReporter -->
<testsuite hostname="WTC-5159473-l2" ignored="0" name="WRTT_Test" tests="5" failures="0" timestamp="16 Oct 2018 02:18:20 GMT" time="96.771" errors="0">
  <testcase name="WRTT_SpalshPage_eCRV" time="32.752" classname="WaterfallApplications.WRTT"/>
  <testcase name="WRTT_Rate_Sheet" time="48.78" classname="WaterfallApplications.WRTT"/>
  <testcase name="WRTT_Rate_Sheet" time="53.484" classname="WaterfallApplications.WRTT"/>
  <testcase name="WRTT_Rate_Sheet" time="82.282" classname="WaterfallApplications.WRTT"/>
  <testcase name="WRTT_eCRV_Page" time="94.634" classname="WaterfallApplications.WRTT"/>
</testsuite> <!-- WRTT_Test -->
