<?xml version="1.0" encoding="UTF-8"?>
<!-- Generated by org.testng.reporters.JUnitXMLReporter -->
<testsuite hostname="WTC-5159473-l2" ignored="0" name="Test" tests="8" failures="1" timestamp="01 Oct 2018 21:44:53 GMT" time="208.99" errors="0">
  <testcase name="WIDM_Registration_ErrorMessages" time="0.021" classname="TestNG.WIDM_TestNG">
    <failure type="org.testng.internal.reflect.MethodMatcherException" message="
Data provider mismatch
Method: WIDM_Registration_ErrorMessages([Parameter{index=0, type=java.lang.String, declaredAnnotations=[]}])
Arguments: [(java.lang.String) 3,(java.lang.String) US]">
      <![CDATA[org.testng.internal.reflect.MethodMatcherException: 
Data provider mismatch
Method: WIDM_Registration_ErrorMessages([Parameter{index=0, type=java.lang.String, declaredAnnotations=[]}])
Arguments: [(java.lang.String) 3,(java.lang.String) US]
at java.util.concurrent.ThreadPoolExecutor.runWorker(Unknown Source)
at java.util.concurrent.ThreadPoolExecutor$Worker.run(Unknown Source)
at java.lang.Thread.run(Unknown Source)
... Removed 5 stack frames]]>
    </failure>
  </testcase> <!-- WIDM_Registration_ErrorMessages -->
  <testcase name="ResetPasswordWIDM_Email" time="32.615" classname="TestNG.WIDM_TestNG"/>
  <testcase name="WIDM_RegistrationEFWS" time="44.138" classname="TestNG.WIDM_TestNG"/>
  <testcase name="WIDM_Registration" time="46.641" classname="TestNG.WIDM_TestNG"/>
  <testcase name="WIDM_Registration" time="69.427" classname="TestNG.WIDM_TestNG"/>
  <testcase name="WIDM_ResetPasswordSecret" time="115.529" classname="TestNG.WIDM_TestNG"/>
  <testcase name="WIDM_ForgotUserID" time="122.56" classname="TestNG.WIDM_TestNG"/>
  <testcase name="WIDM_ResetPasswordSecret" time="195.997" classname="TestNG.WIDM_TestNG"/>
</testsuite> <!-- Test -->
