<?xml version="1.0" encoding="UTF-8"?>
<!-- Generated by org.testng.reporters.JUnitXMLReporter -->
<testsuite hostname="WTC-5159473-l2" ignored="5" name="MFAC_Test" tests="6" failures="2" timestamp="14 Oct 2018 22:52:12 GMT" time="5.97" errors="0">
  <testcase name="IssuePin" time="1.033" classname="TestNG.MFAC">
    <failure type="java.lang.AssertionError" message="
Expected: (a string containing &amp;quot;sdfsdfsdf&amp;quot; and a string containing &amp;quot;pinExpirationDate&amp;quot;)
     but: a string containing &amp;quot;sdfsdfsdf&amp;quot; was &amp;quot;{&amp;quot;transactionId&amp;quot;:&amp;quot;9c13309f-7934-4d20-a894-44e2431cebb1&amp;quot;,&amp;quot;output&amp;quot;:{&amp;quot;pinOTP&amp;quot;:&amp;quot;848666&amp;quot;,&amp;quot;pinExpirationDate&amp;quot;:&amp;quot;11/04/2018 10:52 PM GMT&amp;quot;}}&amp;quot;">
      <![CDATA[java.lang.AssertionError: 
Expected: (a string containing "sdfsdfsdf" and a string containing "pinExpirationDate")
     but: a string containing "sdfsdfsdf" was "{"transactionId":"9c13309f-7934-4d20-a894-44e2431cebb1","output":{"pinOTP":"848666","pinExpirationDate":"11/04/2018 10:52 PM GMT"}}"
at org.hamcrest.MatcherAssert.assertThat(MatcherAssert.java:20)
at org.junit.Assert.assertThat(Assert.java:956)
at org.junit.Assert.assertThat(Assert.java:923)
at TestNG.MFAC.IssuePin(MFAC.java:198)
at java.util.concurrent.FutureTask.run(Unknown Source)
at java.util.concurrent.Executors$RunnableAdapter.call(Unknown Source)
at java.util.concurrent.FutureTask.run(Unknown Source)
at java.util.concurrent.ThreadPoolExecutor.runWorker(Unknown Source)
at java.util.concurrent.ThreadPoolExecutor$Worker.run(Unknown Source)
at java.lang.Thread.run(Unknown Source)
... Removed 9 stack frames]]>
    </failure>
  </testcase> <!-- IssuePin -->
  <testcase name="IssuePin" time="2.247" classname="TestNG.MFAC">
    <failure type="java.lang.AssertionError" message="
Expected: (a string containing &amp;quot;sdfsdfsdf&amp;quot; and a string containing &amp;quot;pinExpirationDate&amp;quot;)
     but: a string containing &amp;quot;sdfsdfsdf&amp;quot; was &amp;quot;{&amp;quot;transactionId&amp;quot;:&amp;quot;533dbdc3-7fd9-4005-a9c8-4f80c822bd52&amp;quot;,&amp;quot;output&amp;quot;:{&amp;quot;pinOTP&amp;quot;:&amp;quot;641039&amp;quot;,&amp;quot;pinExpirationDate&amp;quot;:&amp;quot;10/14/2018 11:02 PM GMT&amp;quot;}}&amp;quot;">
      <![CDATA[java.lang.AssertionError: 
Expected: (a string containing "sdfsdfsdf" and a string containing "pinExpirationDate")
     but: a string containing "sdfsdfsdf" was "{"transactionId":"533dbdc3-7fd9-4005-a9c8-4f80c822bd52","output":{"pinOTP":"641039","pinExpirationDate":"10/14/2018 11:02 PM GMT"}}"
at org.hamcrest.MatcherAssert.assertThat(MatcherAssert.java:20)
at org.junit.Assert.assertThat(Assert.java:956)
at org.junit.Assert.assertThat(Assert.java:923)
at TestNG.MFAC.IssuePin(MFAC.java:198)
at java.util.concurrent.FutureTask.run(Unknown Source)
at java.util.concurrent.Executors$RunnableAdapter.call(Unknown Source)
at java.util.concurrent.FutureTask.run(Unknown Source)
at java.util.concurrent.ThreadPoolExecutor.runWorker(Unknown Source)
at java.util.concurrent.ThreadPoolExecutor$Worker.run(Unknown Source)
at java.lang.Thread.run(Unknown Source)
... Removed 9 stack frames]]>
    </failure>
  </testcase> <!-- IssuePin -->
  <testcase name="VerifyPinValid" time="2.628" classname="TestNG.MFAC"/>
  <testcase name="VerifyPinValid" time="2.763" classname="TestNG.MFAC"/>
  <testcase name="VerifyPinNoLongerValid" time="3.53" classname="TestNG.MFAC"/>
  <testcase name="VerifyPinNoLongerValid" time="4.113" classname="TestNG.MFAC"/>
  <testcase name="IssuePinExpiration" time="0.0" classname="TestNG.MFAC">
    <ignored/>
  </testcase> <!-- IssuePinExpiration -->
  <testcase name="AdditionalEnrollmentExpiration" time="0.0" classname="TestNG.MFAC">
    <ignored/>
  </testcase> <!-- AdditionalEnrollmentExpiration -->
  <testcase name="DetermineLockoutTime" time="0.0" classname="TestNG.MFAC">
    <ignored/>
  </testcase> <!-- DetermineLockoutTime -->
  <testcase name="AdditionalEnrollmentExpirationValidate" time="0.0" classname="TestNG.MFAC">
    <ignored/>
  </testcase> <!-- AdditionalEnrollmentExpirationValidate -->
  <testcase name="IssuePinExpirationValidate" time="0.0" classname="TestNG.MFAC">
    <ignored/>
  </testcase> <!-- IssuePinExpirationValidate -->
</testsuite> <!-- MFAC_Test -->
